Namespace(dataset='IMDB', dataset_home='./datasets/imdb', label_gen_model='Label_Model', learner='NB', max_queries=40000, num_labeled_samples=4000, sample_method='Margin_Sampling', scenario='active_weak_learning')
Scenario: Active Learning with Weak Supervision
100%|█████████████████████████████████████████████████████████████████████████████████████████████████████████| 50000/50000 [03:20<00:00, 248.89it/s]
Weak Supervision Model: Label_Model
Model: Naive Bayes
Iteration:  1
Test accuracy:  0.85352
Model: Naive Bayes
Iteration:  2
Test accuracy:  0.50004
Model: Naive Bayes
Iteration:  3
Test accuracy:  0.83244
Model: Naive Bayes
Iteration:  4
Test accuracy:  0.70876
Model: Naive Bayes
Iteration:  5
Test accuracy:  0.57284
Model: Naive Bayes
Iteration:  6
Test accuracy:  0.59464
Model: Naive Bayes
Iteration:  7
Test accuracy:  0.80176
Model: Naive Bayes
Iteration:  8
Test accuracy:  0.71772
Model: Naive Bayes
Iteration:  9
Test accuracy:  0.69796
Model: Naive Bayes
Iteration:  10
Test accuracy:  0.59268
{1: {'0': {'f1-score': 0.8606332775156036,
           'precision': 0.8207752613240418,
           'recall': 0.90456,
           'support': 12500},
     '1': {'f1-score': 0.8456415444275839,
           'precision': 0.8937099073414113,
           'recall': 0.80248,
           'support': 12500},
     'accuracy': 0.85352,
     'macro avg': {'f1-score': 0.8531374109715937,
                   'precision': 0.8572425843327265,
                   'recall': 0.8535200000000001,
                   'support': 25000},
     'weighted avg': {'f1-score': 0.8531374109715937,
                      'precision': 0.8572425843327266,
                      'recall': 0.85352,
                      'support': 25000}},
 2: {'0': {'f1-score': 0.00015998720102391808,
           'precision': 1.0,
           'recall': 8e-05,
           'support': 12500},
     '1': {'f1-score': 0.6666844449185311,
           'precision': 0.500020000800032,
           'recall': 1.0,
           'support': 12500},
     'accuracy': 0.50004,
     'macro avg': {'f1-score': 0.3334222160597775,
                   'precision': 0.750010000400016,
                   'recall': 0.50004,
                   'support': 25000},
     'weighted avg': {'f1-score': 0.3334222160597775,
                      'precision': 0.750010000400016,
                      'recall': 0.50004,
                      'support': 25000}},
 3: {'0': {'f1-score': 0.8098933514862718,
           'precision': 0.9358154168851599,
           'recall': 0.71384,
           'support': 12500},
     '1': {'f1-score': 0.8502056141605578,
           'precision': 0.7687035240866472,
           'recall': 0.95104,
           'support': 12500},
     'accuracy': 0.83244,
     'macro avg': {'f1-score': 0.8300494828234148,
                   'precision': 0.8522594704859036,
                   'recall': 0.8324400000000001,
                   'support': 25000},
     'weighted avg': {'f1-score': 0.8300494828234148,
                      'precision': 0.8522594704859036,
                      'recall': 0.83244,
                      'support': 25000}},
 4: {'0': {'f1-score': 0.5938528476599542,
           'precision': 0.9808365579509858,
           'recall': 0.42584,
           'support': 12500},
     '1': {'f1-score': 0.7729866242633991,
           'precision': 0.6333214121493894,
           'recall': 0.99168,
           'support': 12500},
     'accuracy': 0.70876,
     'macro avg': {'f1-score': 0.6834197359616767,
                   'precision': 0.8070789850501876,
                   'recall': 0.7087600000000001,
                   'support': 25000},
     'weighted avg': {'f1-score': 0.6834197359616766,
                      'precision': 0.8070789850501876,
                      'recall': 0.70876,
                      'support': 25000}},
 5: {'0': {'f1-score': 0.700036515828207,
           'precision': 0.5394138781870915,
           'recall': 0.99688,
           'support': 12500},
     '1': {'f1-score': 0.2583512743940551,
           'precision': 0.9794628751974723,
           'recall': 0.1488,
           'support': 12500},
     'accuracy': 0.57284,
     'macro avg': {'f1-score': 0.4791938951111311,
                   'precision': 0.7594383766922819,
                   'recall': 0.57284,
                   'support': 25000},
     'weighted avg': {'f1-score': 0.4791938951111311,
                      'precision': 0.7594383766922819,
                      'recall': 0.57284,
                      'support': 25000}},
 6: {'0': {'f1-score': 0.3196831364124597,
           'precision': 0.9937395659432388,
           'recall': 0.19048,
           'support': 12500},
     '1': {'f1-score': 0.7113149498632635,
           'precision': 0.552335869757565,
           'recall': 0.9988,
           'support': 12500},
     'accuracy': 0.59464,
     'macro avg': {'f1-score': 0.5154990431378617,
                   'precision': 0.7730377178504019,
                   'recall': 0.5946400000000001,
                   'support': 25000},
     'weighted avg': {'f1-score': 0.5154990431378615,
                      'precision': 0.7730377178504019,
                      'recall': 0.59464,
                      'support': 25000}},
 7: {'0': {'f1-score': 0.8263976460697772,
           'precision': 0.7350448654037887,
           'recall': 0.94368,
           'support': 12500},
     '1': {'f1-score': 0.7689725899683013,
           'precision': 0.9213583556747096,
           'recall': 0.65984,
           'support': 12500},
     'accuracy': 0.80176,
     'macro avg': {'f1-score': 0.7976851180190392,
                   'precision': 0.8282016105392491,
                   'recall': 0.80176,
                   'support': 25000},
     'weighted avg': {'f1-score': 0.7976851180190392,
                      'precision': 0.8282016105392491,
                      'recall': 0.80176,
                      'support': 25000}},
 8: {'0': {'f1-score': 0.6123592419664927,
           'precision': 0.9770376862401402,
           'recall': 0.44592,
           'support': 12500},
     '1': {'f1-score': 0.7780468627142633,
           'precision': 0.641046903342835,
           'recall': 0.98952,
           'support': 12500},
     'accuracy': 0.71772,
     'macro avg': {'f1-score': 0.695203052340378,
                   'precision': 0.8090422947914876,
                   'recall': 0.7177199999999999,
                   'support': 25000},
     'weighted avg': {'f1-score': 0.695203052340378,
                      'precision': 0.8090422947914875,
                      'recall': 0.71772,
                      'support': 25000}},
 9: {'0': {'f1-score': 0.5719145076251488,
           'precision': 0.9815139132126873,
           'recall': 0.40352,
           'support': 12500},
     '1': {'f1-score': 0.7666635765273013,
           'precision': 0.6245909068022758,
           'recall': 0.9924,
           'support': 12500},
     'accuracy': 0.69796,
     'macro avg': {'f1-score': 0.6692890420762251,
                   'precision': 0.8030524100074816,
                   'recall': 0.6979599999999999,
                   'support': 25000},
     'weighted avg': {'f1-score': 0.6692890420762252,
                      'precision': 0.8030524100074815,
                      'recall': 0.69796,
                      'support': 25000}},
 10: {'0': {'f1-score': 0.31386025200458195,
            'precision': 0.9948739854762921,
            'recall': 0.18632,
            'support': 12500},
      '1': {'f1-score': 0.7103728774993601,
            'precision': 0.5511275872721656,
            'recall': 0.99904,
            'support': 12500},
      'accuracy': 0.59268,
      'macro avg': {'f1-score': 0.512116564751971,
                    'precision': 0.7730007863742289,
                    'recall': 0.59268,
                    'support': 25000},
      'weighted avg': {'f1-score': 0.512116564751971,
                       'precision': 0.7730007863742289,
                       'recall': 0.59268,
                       'support': 25000}}}
**********************************************************************
Namespace(dataset='IMDB', dataset_home='./datasets/imdb', label_gen_model='Label_Model', learner='LR', max_queries=40000, num_labeled_samples=4000, sample_method='Margin_Sampling', scenario='active_weak_learning')
Scenario: Active Learning with Weak Supervision
100%|█████████████████████████████████████████████████████████████████████████████████████████████████████████| 50000/50000 [06:29<00:00, 128.29it/s]
Weak Supervision Model: Label_Model
Model: Logistic Regression
Iteration:  1
Test accuracy:  0.85788
Model: Logistic Regression
Iteration:  2
Test accuracy:  0.84892
Model: Logistic Regression
Iteration:  3
Test accuracy:  0.79996
Model: Logistic Regression
Iteration:  4
Test accuracy:  0.78216
Model: Logistic Regression
Iteration:  5
Test accuracy:  0.79544
Model: Logistic Regression
Iteration:  6
Test accuracy:  0.80348
Model: Logistic Regression
Iteration:  7
Test accuracy:  0.8112
Model: Logistic Regression
Iteration:  8
Test accuracy:  0.81736
Model: Logistic Regression
Iteration:  9
Test accuracy:  0.82104
Model: Logistic Regression
Iteration:  10
Test accuracy:  0.82284
{1: {'0': {'f1-score': 0.856808930802402,
           'precision': 0.8633151953220174,
           'recall': 0.8504,
           'support': 12500},
     '1': {'f1-score': 0.8589351649660539,
           'precision': 0.8526050287696066,
           'recall': 0.86536,
           'support': 12500},
     'accuracy': 0.85788,
     'macro avg': {'f1-score': 0.8578720478842279,
                   'precision': 0.857960112045812,
                   'recall': 0.85788,
                   'support': 25000},
     'weighted avg': {'f1-score': 0.857872047884228,
                      'precision': 0.857960112045812,
                      'recall': 0.85788,
                      'support': 25000}},
 2: {'0': {'f1-score': 0.835288474118006,
           'precision': 0.9181286549707602,
           'recall': 0.76616,
           'support': 12500},
     '1': {'f1-score': 0.8604676936717277,
           'precision': 0.7993685222046811,
           'recall': 0.93168,
           'support': 12500},
     'accuracy': 0.84892,
     'macro avg': {'f1-score': 0.8478780838948669,
                   'precision': 0.8587485885877206,
                   'recall': 0.8489199999999999,
                   'support': 25000},
     'weighted avg': {'f1-score': 0.8478780838948669,
                      'precision': 0.8587485885877206,
                      'recall': 0.84892,
                      'support': 25000}},
 3: {'0': {'f1-score': 0.7738229840350956,
           'precision': 0.8901258974092187,
           'recall': 0.6844,
           'support': 12500},
     '1': {'f1-score': 0.8206819893147836,
           'precision': 0.7436480603028137,
           'recall': 0.91552,
           'support': 12500},
     'accuracy': 0.79996,
     'macro avg': {'f1-score': 0.7972524866749396,
                   'precision': 0.8168869788560162,
                   'recall': 0.79996,
                   'support': 25000},
     'weighted avg': {'f1-score': 0.7972524866749395,
                      'precision': 0.816886978856016,
                      'recall': 0.79996,
                      'support': 25000}},
 4: {'0': {'f1-score': 0.7491940683430045,
           'precision': 0.8827870631647493,
           'recall': 0.65072,
           'support': 12500},
     '1': {'f1-score': 0.8074665912465531,
           'precision': 0.7234258203471431,
           'recall': 0.9136,
           'support': 12500},
     'accuracy': 0.78216,
     'macro avg': {'f1-score': 0.7783303297947788,
                   'precision': 0.8031064417559461,
                   'recall': 0.78216,
                   'support': 25000},
     'weighted avg': {'f1-score': 0.7783303297947787,
                      'precision': 0.8031064417559461,
                      'recall': 0.78216,
                      'support': 25000}},
 5: {'0': {'f1-score': 0.7658639318743705,
           'precision': 0.8953114964675658,
           'recall': 0.66912,
           'support': 12500},
     '1': {'f1-score': 0.8183819873570567,
           'precision': 0.7358538766125942,
           'recall': 0.92176,
           'support': 12500},
     'accuracy': 0.79544,
     'macro avg': {'f1-score': 0.7921229596157136,
                   'precision': 0.8155826865400799,
                   'recall': 0.79544,
                   'support': 25000},
     'weighted avg': {'f1-score': 0.7921229596157137,
                      'precision': 0.8155826865400799,
                      'recall': 0.79544,
                      'support': 25000}},
 6: {'0': {'f1-score': 0.7746640370591201,
           'precision': 0.9077716865527249,
           'recall': 0.6756,
           'support': 12500},
     '1': {'f1-score': 0.8257616058445933,
           'precision': 0.7416703828757087,
           'recall': 0.93136,
           'support': 12500},
     'accuracy': 0.80348,
     'macro avg': {'f1-score': 0.8002128214518567,
                   'precision': 0.8247210347142169,
                   'recall': 0.80348,
                   'support': 25000},
     'weighted avg': {'f1-score': 0.8002128214518567,
                      'precision': 0.8247210347142168,
                      'recall': 0.80348,
                      'support': 25000}},
 7: {'0': {'f1-score': 0.7845142439737034,
           'precision': 0.9136537643555933,
           'recall': 0.68736,
           'support': 12500},
     '1': {'f1-score': 0.832004555808656,
           'precision': 0.7494229289561426,
           'recall': 0.93504,
           'support': 12500},
     'accuracy': 0.8112,
     'macro avg': {'f1-score': 0.8082593998911797,
                   'precision': 0.8315383466558679,
                   'recall': 0.8111999999999999,
                   'support': 25000},
     'weighted avg': {'f1-score': 0.8082593998911797,
                      'precision': 0.8315383466558679,
                      'recall': 0.8112,
                      'support': 25000}},
 8: {'0': {'f1-score': 0.7927371765773945,
           'precision': 0.9162644281217209,
           'recall': 0.69856,
           'support': 12500},
     '1': {'f1-score': 0.8367536646406865,
           'precision': 0.756431803490627,
           'recall': 0.93616,
           'support': 12500},
     'accuracy': 0.81736,
     'macro avg': {'f1-score': 0.8147454206090405,
                   'precision': 0.836348115806174,
                   'recall': 0.81736,
                   'support': 25000},
     'weighted avg': {'f1-score': 0.8147454206090405,
                      'precision': 0.8363481158061741,
                      'recall': 0.81736,
                      'support': 25000}},
 9: {'0': {'f1-score': 0.7983412963129901,
           'precision': 0.9143093124096634,
           'recall': 0.70848,
           'support': 12500},
     '1': {'f1-score': 0.8391457539368663,
           'precision': 0.7620477993992425,
           'recall': 0.9336,
           'support': 12500},
     'accuracy': 0.82104,
     'macro avg': {'f1-score': 0.8187435251249282,
                   'precision': 0.838178555904453,
                   'recall': 0.82104,
                   'support': 25000},
     'weighted avg': {'f1-score': 0.8187435251249283,
                      'precision': 0.838178555904453,
                      'recall': 0.82104,
                      'support': 25000}},
 10: {'0': {'f1-score': 0.8015947677283519,
            'precision': 0.9108215412806678,
            'recall': 0.71576,
            'support': 12500},
      '1': {'f1-score': 0.8399754308631716,
            'precision': 0.7658957633260856,
            'recall': 0.92992,
            'support': 12500},
      'accuracy': 0.82284,
      'macro avg': {'f1-score': 0.8207850992957617,
                    'precision': 0.8383586523033767,
                    'recall': 0.82284,
                    'support': 25000},
      'weighted avg': {'f1-score': 0.8207850992957617,
                       'precision': 0.8383586523033767,
                       'recall': 0.82284,
                       'support': 25000}}}
**********************************************************************
Namespace(dataset='IMDB', dataset_home='./datasets/imdb', label_gen_model='Label_Model', learner='SVC', max_queries=40000, num_labeled_samples=4000, sample_method='Margin_Sampling', scenario='active_weak_learning')
Scenario: Active Learning with Weak Supervision
100%|█████████████████████████████████████████████████████████████████████████████████████████████████████████| 50000/50000 [03:09<00:00, 263.85it/s]
Weak Supervision Model: Label_Model
Model: Linear SVC
Iteration:  1
Test accuracy:  0.87452
Model: Linear SVC
Iteration:  2
Test accuracy:  0.83788
Model: Linear SVC
Iteration:  3
Test accuracy:  0.81552
Model: Linear SVC
Iteration:  4
Test accuracy:  0.80688
Model: Linear SVC
Iteration:  5
Test accuracy:  0.80616
Model: Linear SVC
Iteration:  6
Test accuracy:  0.80716
Model: Linear SVC
Iteration:  7
Test accuracy:  0.80644
Model: Linear SVC
Iteration:  8
Test accuracy:  0.80628
Model: Linear SVC
Iteration:  9
Test accuracy:  0.80276
Model: Linear SVC
Iteration:  10
Test accuracy:  0.80064
{1: {'0': {'f1-score': 0.8745049405928711,
           'precision': 0.8746099063775306,
           'recall': 0.8744,
           'support': 12500},
     '1': {'f1-score': 0.8745350557933047,
           'precision': 0.8744301367671758,
           'recall': 0.87464,
           'support': 12500},
     'accuracy': 0.87452,
     'macro avg': {'f1-score': 0.8745199981930879,
                   'precision': 0.8745200215723532,
                   'recall': 0.87452,
                   'support': 25000},
     'weighted avg': {'f1-score': 0.8745199981930878,
                      'precision': 0.8745200215723531,
                      'recall': 0.87452,
                      'support': 25000}},
 2: {'0': {'f1-score': 0.81936087712261,
           'precision': 0.9250276743483948,
           'recall': 0.73536,
           'support': 12500},
     '1': {'f1-score': 0.8529550484344954,
           'precision': 0.780389032729204,
           'recall': 0.9404,
           'support': 12500},
     'accuracy': 0.83788,
     'macro avg': {'f1-score': 0.8361579627785527,
                   'precision': 0.8527083535387994,
                   'recall': 0.83788,
                   'support': 25000},
     'weighted avg': {'f1-score': 0.8361579627785526,
                      'precision': 0.8527083535387994,
                      'recall': 0.83788,
                      'support': 25000}},
 3: {'0': {'f1-score': 0.7901728844404002,
           'precision': 0.9160337552742616,
           'recall': 0.69472,
           'support': 12500},
     '1': {'f1-score': 0.835403283369022,
           'precision': 0.7541237113402062,
           'recall': 0.93632,
           'support': 12500},
     'accuracy': 0.81552,
     'macro avg': {'f1-score': 0.8127880839047111,
                   'precision': 0.8350787333072338,
                   'recall': 0.81552,
                   'support': 25000},
     'weighted avg': {'f1-score': 0.8127880839047112,
                      'precision': 0.8350787333072338,
                      'recall': 0.81552,
                      'support': 25000}},
 4: {'0': {'f1-score': 0.7784101340187259,
           'precision': 0.9130060292850991,
           'recall': 0.6784,
           'support': 12500},
     '1': {'f1-score': 0.8288671487310364,
           'precision': 0.7441446028513238,
           'recall': 0.93536,
           'support': 12500},
     'accuracy': 0.80688,
     'macro avg': {'f1-score': 0.8036386413748812,
                   'precision': 0.8285753160682114,
                   'recall': 0.80688,
                   'support': 25000},
     'weighted avg': {'f1-score': 0.8036386413748813,
                      'precision': 0.8285753160682114,
                      'recall': 0.80688,
                      'support': 25000}},
 5: {'0': {'f1-score': 0.7784179240969363,
           'precision': 0.9084311632870864,
           'recall': 0.68096,
           'support': 12500},
     '1': {'f1-score': 0.8277284038393175,
           'precision': 0.744849648112604,
           'recall': 0.93136,
           'support': 12500},
     'accuracy': 0.80616,
     'macro avg': {'f1-score': 0.8030731639681269,
                   'precision': 0.8266404056998452,
                   'recall': 0.80616,
                   'support': 25000},
     'weighted avg': {'f1-score': 0.8030731639681269,
                      'precision': 0.8266404056998453,
                      'recall': 0.80616,
                      'support': 25000}},
 6: {'0': {'f1-score': 0.7805344380206674,
           'precision': 0.9055667053976972,
           'recall': 0.68584,
           'support': 12500},
     '1': {'f1-score': 0.828024114436557,
           'precision': 0.7471834159531321,
           'recall': 0.92848,
           'support': 12500},
     'accuracy': 0.80716,
     'macro avg': {'f1-score': 0.8042792762286122,
                   'precision': 0.8263750606754147,
                   'recall': 0.80716,
                   'support': 25000},
     'weighted avg': {'f1-score': 0.8042792762286122,
                      'precision': 0.8263750606754146,
                      'recall': 0.80716,
                      'support': 25000}},
 7: {'0': {'f1-score': 0.779694969269292,
           'precision': 0.904701531959852,
           'recall': 0.68504,
           'support': 12500},
     '1': {'f1-score': 0.827394328517924,
           'precision': 0.7465722561956871,
           'recall': 0.92784,
           'support': 12500},
     'accuracy': 0.80644,
     'macro avg': {'f1-score': 0.803544648893608,
                   'precision': 0.8256368940777696,
                   'recall': 0.80644,
                   'support': 25000},
     'weighted avg': {'f1-score': 0.803544648893608,
                      'precision': 0.8256368940777695,
                      'recall': 0.80644,
                      'support': 25000}},
 8: {'0': {'f1-score': 0.7794927833173975,
           'precision': 0.9045757159463172,
           'recall': 0.6848,
           'support': 12500},
     '1': {'f1-score': 0.8272639726076257,
           'precision': 0.7464117912080839,
           'recall': 0.92776,
           'support': 12500},
     'accuracy': 0.80628,
     'macro avg': {'f1-score': 0.8033783779625117,
                   'precision': 0.8254937535772006,
                   'recall': 0.80628,
                   'support': 25000},
     'weighted avg': {'f1-score': 0.8033783779625115,
                      'precision': 0.8254937535772006,
                      'recall': 0.80628,
                      'support': 25000}},
 9: {'0': {'f1-score': 0.7753428402205111,
           'precision': 0.90051857339401,
           'recall': 0.68072,
           'support': 12500},
     '1': {'f1-score': 0.8242130405333142,
           'precision': 0.7433605555912803,
           'recall': 0.9248,
           'support': 12500},
     'accuracy': 0.80276,
     'macro avg': {'f1-score': 0.7997779403769127,
                   'precision': 0.8219395644926452,
                   'recall': 0.8027599999999999,
                   'support': 25000},
     'weighted avg': {'f1-score': 0.7997779403769126,
                      'precision': 0.8219395644926452,
                      'recall': 0.80276,
                      'support': 25000}},
 10: {'0': {'f1-score': 0.7721912423439072,
            'precision': 0.900725101300917,
            'recall': 0.67576,
            'support': 12500},
      '1': {'f1-score': 0.8227722068131712,
            'precision': 0.740558187171937,
            'recall': 0.92552,
            'support': 12500},
      'accuracy': 0.80064,
      'macro avg': {'f1-score': 0.7974817245785393,
                    'precision': 0.820641644236427,
                    'recall': 0.80064,
                    'support': 25000},
      'weighted avg': {'f1-score': 0.7974817245785392,
                       'precision': 0.820641644236427,
                       'recall': 0.80064,
                       'support': 25000}}}
**********************************************************************
Namespace(dataset='IMDB', dataset_home='./datasets/imdb', label_gen_model='Label_Model', learner='SGD', max_queries=40000, num_labeled_samples=4000, sample_method='Margin_Sampling', scenario='active_weak_learning')
Scenario: Active Learning with Weak Supervision
100%|█████████████████████████████████████████████████████████████████████████████████████████████████████████| 50000/50000 [03:13<00:00, 258.99it/s]
Weak Supervision Model: Label_Model
Model: Linear SGD
Iteration:  1
Test accuracy:  0.87568
Model: Linear SGD
Iteration:  2
Test accuracy:  0.83208
Model: Linear SGD
Iteration:  3
Test accuracy:  0.8134
Model: Linear SGD
Iteration:  4
Test accuracy:  0.81212
Model: Linear SGD
Iteration:  5
Test accuracy:  0.81304
Model: Linear SGD
Iteration:  6
Test accuracy:  0.8174
Model: Linear SGD
Iteration:  7
Test accuracy:  0.82348
Model: Linear SGD
Iteration:  8
Test accuracy:  0.831
Model: Linear SGD
Iteration:  9
Test accuracy:  0.83636
Model: Linear SGD
Iteration:  10
Test accuracy:  0.83864
{1: {'0': {'f1-score': 0.8760765550239236,
           'precision': 0.8732909379968203,
           'recall': 0.87888,
           'support': 12500},
     '1': {'f1-score': 0.8752808988764044,
           'precision': 0.8780998389694041,
           'recall': 0.87248,
           'support': 12500},
     'accuracy': 0.87568,
     'macro avg': {'f1-score': 0.875678726950164,
                   'precision': 0.8756953884831122,
                   'recall': 0.87568,
                   'support': 25000},
     'weighted avg': {'f1-score': 0.875678726950164,
                      'precision': 0.8756953884831122,
                      'recall': 0.87568,
                      'support': 25000}},
 2: {'0': {'f1-score': 0.8122036324595152,
           'precision': 0.9212502537040795,
           'recall': 0.72624,
           'support': 12500},
     '1': {'f1-score': 0.8481516313390726,
           'precision': 0.774065759936617,
           'recall': 0.93792,
           'support': 12500},
     'accuracy': 0.83208,
     'macro avg': {'f1-score': 0.8301776318992939,
                   'precision': 0.8476580068203483,
                   'recall': 0.8320799999999999,
                   'support': 25000},
     'weighted avg': {'f1-score': 0.8301776318992939,
                      'precision': 0.8476580068203482,
                      'recall': 0.83208,
                      'support': 25000}},
 3: {'0': {'f1-score': 0.7891144161656344,
           'precision': 0.9071822055919343,
           'recall': 0.69824,
           'support': 12500},
     '1': {'f1-score': 0.8326697514258043,
           'precision': 0.7547304766239677,
           'recall': 0.92856,
           'support': 12500},
     'accuracy': 0.8134,
     'macro avg': {'f1-score': 0.8108920837957194,
                   'precision': 0.830956341107951,
                   'recall': 0.8134,
                   'support': 25000},
     'weighted avg': {'f1-score': 0.8108920837957194,
                      'precision': 0.830956341107951,
                      'recall': 0.8134,
                      'support': 25000}},
 4: {'0': {'f1-score': 0.7901344890755552,
           'precision': 0.8948486995243397,
           'recall': 0.70736,
           'support': 12500},
     '1': {'f1-score': 0.8299359136826099,
           'precision': 0.7580527812686024,
           'recall': 0.91688,
           'support': 12500},
     'accuracy': 0.81212,
     'macro avg': {'f1-score': 0.8100352013790826,
                   'precision': 0.826450740396471,
                   'recall': 0.81212,
                   'support': 25000},
     'weighted avg': {'f1-score': 0.8100352013790826,
                      'precision': 0.8264507403964709,
                      'recall': 0.81212,
                      'support': 25000}},
 5: {'0': {'f1-score': 0.7928007802110116,
           'precision': 0.8890435474249354,
           'recall': 0.71536,
           'support': 12500},
     '1': {'f1-score': 0.8296771372348954,
           'precision': 0.7618792664971222,
           'recall': 0.91072,
           'support': 12500},
     'accuracy': 0.81304,
     'macro avg': {'f1-score': 0.8112389587229536,
                   'precision': 0.8254614069610289,
                   'recall': 0.81304,
                   'support': 25000},
     'weighted avg': {'f1-score': 0.8112389587229535,
                      'precision': 0.8254614069610289,
                      'recall': 0.81304,
                      'support': 25000}},
 6: {'0': {'f1-score': 0.7990668603371627,
           'precision': 0.8882473823270378,
           'recall': 0.72616,
           'support': 12500},
     '1': {'f1-score': 0.8326674242146549,
           'precision': 0.7684189161761721,
           'recall': 0.90864,
           'support': 12500},
     'accuracy': 0.8174,
     'macro avg': {'f1-score': 0.8158671422759087,
                   'precision': 0.828333149251605,
                   'recall': 0.8174,
                   'support': 25000},
     'weighted avg': {'f1-score': 0.8158671422759088,
                      'precision': 0.828333149251605,
                      'recall': 0.8174,
                      'support': 25000}},
 7: {'0': {'f1-score': 0.8068117147485006,
           'precision': 0.8909407328628057,
           'recall': 0.7372,
           'support': 12500},
     '1': {'f1-score': 0.8375004602864823,
           'precision': 0.7758750085283482,
           'recall': 0.90976,
           'support': 12500},
     'accuracy': 0.82348,
     'macro avg': {'f1-score': 0.8221560875174914,
                   'precision': 0.833407870695577,
                   'recall': 0.82348,
                   'support': 25000},
     'weighted avg': {'f1-score': 0.8221560875174914,
                      'precision': 0.833407870695577,
                      'recall': 0.82348,
                      'support': 25000}},
 8: {'0': {'f1-score': 0.8161684723491276,
           'precision': 0.8946866355051035,
           'recall': 0.75032,
           'support': 12500},
     '1': {'f1-score': 0.843616981900285,
           'precision': 0.7850106771371496,
           'recall': 0.91168,
           'support': 12500},
     'accuracy': 0.831,
     'macro avg': {'f1-score': 0.8298927271247063,
                   'precision': 0.8398486563211265,
                   'recall': 0.831,
                   'support': 25000},
     'weighted avg': {'f1-score': 0.8298927271247063,
                      'precision': 0.8398486563211266,
                      'recall': 0.831,
                      'support': 25000}},
 9: {'0': {'f1-score': 0.8229387578446223,
           'precision': 0.8964639321074964,
           'recall': 0.76056,
           'support': 12500},
     '1': {'f1-score': 0.84788994236847,
           'precision': 0.79208058353595,
           'recall': 0.91216,
           'support': 12500},
     'accuracy': 0.83636,
     'macro avg': {'f1-score': 0.8354143501065462,
                   'precision': 0.8442722578217232,
                   'recall': 0.83636,
                   'support': 25000},
     'weighted avg': {'f1-score': 0.8354143501065462,
                      'precision': 0.8442722578217232,
                      'recall': 0.83636,
                      'support': 25000}},
 10: {'0': {'f1-score': 0.825049874230202,
            'precision': 0.9009282060996401,
            'recall': 0.76096,
            'support': 12500},
      '1': {'f1-score': 0.8502709524163017,
            'precision': 0.7931034482758621,
            'recall': 0.91632,
            'support': 12500},
      'accuracy': 0.83864,
      'macro avg': {'f1-score': 0.8376604133232519,
                    'precision': 0.847015827187751,
                    'recall': 0.83864,
                    'support': 25000},
      'weighted avg': {'f1-score': 0.837660413323252,
                       'precision': 0.8470158271877511,
                       'recall': 0.83864,
                       'support': 25000}}}