{'Logistic_Regression': {'Label_Model': {'0': {'f1-score': 0.7731520029604959,
                                               'precision': 0.9165387146304014,
                                               'recall': 0.66856,
                                               'support': 12500},
                                         '1': {'f1-score': 0.8272144316820521,
                                               'precision': 0.7391386475255005,
                                               'recall': 0.93912,
                                               'support': 12500},
                                         'accuracy': 0.80384,
                                         'macro avg': {'f1-score': 0.800183217321274,
                                                       'precision': 0.827838681077951,
                                                       'recall': 0.80384,
                                                       'support': 25000},
                                         'weighted avg': {'f1-score': 0.800183217321274,
                                                          'precision': 0.827838681077951,
                                                          'recall': 0.80384,
                                                          'support': 25000}}},
 'Naive_Bayes': {'Label_Model': {'0': {'f1-score': 0.010504536049657807,
                                       'precision': 1.0,
                                       'recall': 0.00528,
                                       'support': 12500},
                                 '1': {'f1-score': 0.667842068707592,
                                       'precision': 0.5013234940242239,
                                       'recall': 1.0,
                                       'support': 12500},
                                 'accuracy': 0.50264,
                                 'macro avg': {'f1-score': 0.3391733023786249,
                                               'precision': 0.750661747012112,
                                               'recall': 0.50264,
                                               'support': 25000},
                                 'weighted avg': {'f1-score': 0.33917330237862486,
                                                  'precision': 0.7506617470121119,
                                                  'recall': 0.50264,
                                                  'support': 25000}}}}
