Namespace(dataset='IMDB', dataset_home='./datasets/imdb', label_gen_model='Label_Model', learner='NB', max_queries=40000, num_labeled_samples=4000, sample_method='Margin_Sampling', scenario='active_learning')
Scenario: Active Learning
Model: Naive Bayes
Iteration:  1
Test accuracy:  0.8718368237347295
Model: Naive Bayes
Iteration:  2
Test accuracy:  0.5114528795811518
Model: Naive Bayes
Iteration:  3
Test accuracy:  0.4988001745200698
Model: Naive Bayes
Iteration:  4
Test accuracy:  0.8489310645724258
Model: Naive Bayes
Iteration:  5
Test accuracy:  0.5761343804537522
Model: Naive Bayes
Iteration:  6
Test accuracy:  0.8104275741710296
Model: Naive Bayes
Iteration:  7
Test accuracy:  0.7525087260034904
Model: Naive Bayes
Iteration:  8
Test accuracy:  0.8447862129144852
Model: Naive Bayes
Iteration:  9
Test accuracy:  0.9080497382198953
Model: Naive Bayes
Iteration:  10
Test accuracy:  0.9023778359511344
{1: {'0': {'f1-score': 0.8753051045314656,
           'precision': 0.8503092783505155,
           'recall': 0.9018150010933742,
           'support': 4573},
     '1': {'f1-score': 0.8681700886345788,
           'precision': 0.89601667438629,
           'recall': 0.8420021762785637,
           'support': 4595},
     'accuracy': 0.8718368237347295,
     'macro avg': {'f1-score': 0.8717375965830222,
                   'precision': 0.8731629763684028,
                   'recall': 0.871908588685969,
                   'support': 9168},
     'weighted avg': {'f1-score': 0.8717290358091494,
                      'precision': 0.8732178172667878,
                      'recall': 0.8718368237347295,
                      'support': 9168}},
 2: {'0': {'f1-score': 0.04028283694021855,
           'precision': 1.0,
           'recall': 0.020555434069538595,
           'support': 4573},
     '1': {'f1-score': 0.6723242373253348,
           'precision': 0.5063918889133788,
           'recall': 1.0,
           'support': 4595},
     'accuracy': 0.5114528795811518,
     'macro avg': {'f1-score': 0.3563035371327766,
                   'precision': 0.7531959444566894,
                   'recall': 0.5102777170347693,
                   'support': 9168},
     'weighted avg': {'f1-score': 0.35706187650932947,
                      'precision': 0.7526037008679075,
                      'recall': 0.5114528795811518,
                      'support': 9168}},
 3: {'0': {'f1-score': 0.6655993013608907,
           'precision': 0.4988001745200698,
           'recall': 1.0,
           'support': 4573},
     '1': {'f1-score': 0.0, 'precision': 0.0, 'recall': 0.0, 'support': 4595},
     'accuracy': 0.4988001745200698,
     'macro avg': {'f1-score': 0.33279965068044537,
                   'precision': 0.2494000872600349,
                   'recall': 0.5,
                   'support': 9168},
     'weighted avg': {'f1-score': 0.3320010476792489,
                      'precision': 0.24880161410125212,
                      'recall': 0.4988001745200698,
                      'support': 9168}},
 4: {'0': {'f1-score': 0.8259831637140345,
           'precision': 0.970761961015948,
           'recall': 0.7187841679422698,
           'support': 4573},
     '1': {'f1-score': 0.8665317529151007,
           'precision': 0.7775856105153925,
           'recall': 0.9784548422198042,
           'support': 4595},
     'accuracy': 0.8489310645724258,
     'macro avg': {'f1-score': 0.8462574583145676,
                   'precision': 0.8741737857656703,
                   'recall': 0.848619505081037,
                   'support': 9168},
     'weighted avg': {'f1-score': 0.8463061095450662,
                      'precision': 0.8739420078582197,
                      'recall': 0.8489310645724258,
                      'support': 9168}},
 5: {'0': {'f1-score': 0.701673575925073,
           'precision': 0.5406364604282503,
           'recall': 0.999343975508419,
           'support': 4573},
     '1': {'f1-score': 0.26817325800376646,
           'precision': 0.9958041958041958,
           'recall': 0.15495103373231775,
           'support': 4595},
     'accuracy': 0.5761343804537522,
     'macro avg': {'f1-score': 0.4849234169644197,
                   'precision': 0.768220328116223,
                   'recall': 0.5771475046203683,
                   'support': 9168},
     'weighted avg': {'f1-score': 0.4844032922374199,
                      'precision': 0.7687664499627693,
                      'recall': 0.5761343804537522,
                      'support': 9168}},
 6: {'0': {'f1-score': 0.7693124502256438,
           'precision': 0.9787234042553191,
           'recall': 0.6337196588672643,
           'support': 4573},
     '1': {'f1-score': 0.8391038696537678,
           'precision': 0.7301433864991139,
           'recall': 0.9862894450489663,
           'support': 4595},
     'accuracy': 0.8104275741710296,
     'macro avg': {'f1-score': 0.8042081599397057,
                   'precision': 0.8544333953772165,
                   'recall': 0.8100045519581154,
                   'support': 9168},
     'weighted avg': {'f1-score': 0.8042918974630161,
                      'precision': 0.8541351427381111,
                      'recall': 0.8104275741710296,
                      'support': 9168}},
 7: {'0': {'f1-score': 0.8001057175579244,
           'precision': 0.6699616406019475,
           'recall': 0.9930024054231358,
           'support': 4573},
     '1': {'f1-score': 0.6751610594130278,
           'precision': 0.9866108786610879,
           'recall': 0.5131664853101197,
           'support': 4595},
     'accuracy': 0.7525087260034904,
     'macro avg': {'f1-score': 0.7376333884854761,
                   'precision': 0.8282862596315177,
                   'recall': 0.7530844453666277,
                   'support': 9168},
     'weighted avg': {'f1-score': 0.7374834767010526,
                      'precision': 0.8286661834555414,
                      'recall': 0.7525087260034904,
                      'support': 9168}},
 8: {'0': {'f1-score': 0.8206227152401362,
           'precision': 0.96875,
           'recall': 0.7117865733654056,
           'support': 4573},
     '1': {'f1-score': 0.8632125348457175,
           'precision': 0.7730716253443526,
           'recall': 0.9771490750816104,
           'support': 4595},
     'accuracy': 0.8447862129144852,
     'macro avg': {'f1-score': 0.8419176250429268,
                   'precision': 0.8709108126721763,
                   'recall': 0.844467824223508,
                   'support': 9168},
     'weighted avg': {'f1-score': 0.8419687253936752,
                      'precision': 0.8706760327723931,
                      'recall': 0.8447862129144852,
                      'support': 9168}},
 9: {'0': {'f1-score': 0.9050782569530458,
           'precision': 0.9329155060352832,
           'recall': 0.8788541438880385,
           'support': 4573},
     '1': {'f1-score': 0.9108408249603385,
           'precision': 0.8860082304526748,
           'recall': 0.9371055495103373,
           'support': 4595},
     'accuracy': 0.9080497382198953,
     'macro avg': {'f1-score': 0.9079595409566921,
                   'precision': 0.909461868243979,
                   'recall': 0.907979846699188,
                   'support': 9168},
     'weighted avg': {'f1-score': 0.9079664550326171,
                      'precision': 0.9094055876995409,
                      'recall': 0.9080497382198953,
                      'support': 9168}},
 10: {'0': {'f1-score': 0.9001450407229722,
            'precision': 0.9189066059225512,
            'recall': 0.8821342663459436,
            'support': 4573},
      '1': {'f1-score': 0.90451296276539,
            'precision': 0.8871912934282127,
            'recall': 0.9225244831338412,
            'support': 4595},
      'accuracy': 0.9023778359511344,
      'macro avg': {'f1-score': 0.9023290017441811,
                    'precision': 0.903048949675382,
                    'recall': 0.9023293747398924,
                    'support': 9168},
      'weighted avg': {'f1-score': 0.9023342424883418,
                       'precision': 0.9030108968353473,
                       'recall': 0.9023778359511344,
                       'support': 9168}}}
**********************************************************************
Namespace(dataset='IMDB', dataset_home='./datasets/imdb', label_gen_model='Label_Model', learner='LR', max_queries=40000, num_labeled_samples=4000, sample_method='Margin_Sampling', scenario='active_learning')
Scenario: Active Learning
Model: Logistic Regression
Iteration:  1
Test accuracy:  0.8700916230366492
Model: Logistic Regression
Iteration:  2
Test accuracy:  0.8957242582897034
Model: Logistic Regression
Iteration:  3
Test accuracy:  0.9096858638743456
Model: Logistic Regression
Iteration:  4
Test accuracy:  0.9181937172774869
Model: Logistic Regression
Iteration:  5
Test accuracy:  0.9141579406631762
Model: Logistic Regression
Iteration:  6
Test accuracy:  0.9175392670157068
Model: Logistic Regression
Iteration:  7
Test accuracy:  0.9139397905759162
Model: Logistic Regression
Iteration:  8
Test accuracy:  0.9128490401396161
Model: Logistic Regression
Iteration:  9
Test accuracy:  0.912521815008726
Model: Logistic Regression
Iteration:  10
Test accuracy:  0.9107766143106457
{1: {'0': {'f1-score': 0.8675342008675342,
           'precision': 0.882752376641014,
           'recall': 0.8528318390553248,
           'support': 4573},
     '1': {'f1-score': 0.8725521669341895,
           'precision': 0.8583157894736843,
           'recall': 0.8872687704026115,
           'support': 4595},
     'accuracy': 0.8700916230366492,
     'macro avg': {'f1-score': 0.8700431839008618,
                   'precision': 0.8705340830573491,
                   'recall': 0.8700503047289682,
                   'support': 9168},
     'weighted avg': {'f1-score': 0.870049204584406,
                      'precision': 0.8705047634174232,
                      'recall': 0.8700916230366492,
                      'support': 9168}},
 2: {'0': {'f1-score': 0.895473431008091,
           'precision': 0.895473431008091,
           'recall': 0.895473431008091,
           'support': 4573},
     '1': {'f1-score': 0.8959738846572362,
           'precision': 0.8959738846572362,
           'recall': 0.8959738846572362,
           'support': 4595},
     'accuracy': 0.8957242582897034,
     'macro avg': {'f1-score': 0.8957236578326635,
                   'precision': 0.8957236578326635,
                   'recall': 0.8957236578326635,
                   'support': 9168},
     'weighted avg': {'f1-score': 0.8957242582897034,
                      'precision': 0.8957242582897034,
                      'recall': 0.8957242582897034,
                      'support': 9168}},
 3: {'0': {'f1-score': 0.9085890925149039,
           'precision': 0.9175027870680045,
           'recall': 0.899846927618631,
           'support': 4573},
     '1': {'f1-score': 0.9107566285837465,
           'precision': 0.9021994448003416,
           'recall': 0.9194776931447225,
           'support': 4595},
     'accuracy': 0.9096858638743456,
     'macro avg': {'f1-score': 0.9096728605493252,
                   'precision': 0.9098511159341731,
                   'recall': 0.9096623103816768,
                   'support': 9168},
     'weighted avg': {'f1-score': 0.9096754612143293,
                      'precision': 0.9098327545941922,
                      'recall': 0.9096858638743456,
                      'support': 9168}},
 4: {'0': {'f1-score': 0.9173098125689085,
           'precision': 0.9250611518790305,
           'recall': 0.9096872949923464,
           'support': 4573},
     '1': {'f1-score': 0.9190589251025254,
           'precision': 0.9115821023335474,
           'recall': 0.9266594124047878,
           'support': 4595},
     'accuracy': 0.9181937172774869,
     'macro avg': {'f1-score': 0.918184368835717,
                   'precision': 0.918321627106289,
                   'recall': 0.918173353698567,
                   'support': 9168},
     'weighted avg': {'f1-score': 0.9181864674655023,
                      'precision': 0.9183054545991991,
                      'recall': 0.9181937172774869,
                      'support': 9168}},
 5: {'0': {'f1-score': 0.9130866924351188,
           'precision': 0.9223560910307899,
           'recall': 0.9040017493986442,
           'support': 4573},
     '1': {'f1-score': 0.9152031031138886,
           'precision': 0.9063166880068289,
           'recall': 0.9242655059847661,
           'support': 4595},
     'accuracy': 0.9141579406631762,
     'macro avg': {'f1-score': 0.9141448977745037,
                   'precision': 0.9143363895188094,
                   'recall': 0.9141336276917051,
                   'support': 9168},
     'weighted avg': {'f1-score': 0.914147437097962,
                      'precision': 0.9143171450343783,
                      'recall': 0.9141579406631762,
                      'support': 9168}},
 6: {'0': {'f1-score': 0.9167217448777264,
           'precision': 0.9236403995560488,
           'recall': 0.9099059698228734,
           'support': 4573},
     '1': {'f1-score': 0.9183408943616331,
           'precision': 0.9116448638215741,
           'recall': 0.9251360174102286,
           'support': 4595},
     'accuracy': 0.9175392670157068,
     'macro avg': {'f1-score': 0.9175313196196797,
                   'precision': 0.9176426316888114,
                   'recall': 0.9175209936165509,
                   'support': 9168},
     'weighted avg': {'f1-score': 0.9175332623164865,
                      'precision': 0.917628239139392,
                      'recall': 0.9175392670157068,
                      'support': 9168}},
 7: {'0': {'f1-score': 0.913191770271757,
           'precision': 0.9189548272807795,
           'recall': 0.9075005466870764,
           'support': 4573},
     '1': {'f1-score': 0.9146750297393749,
           'precision': 0.9090713671539123,
           'recall': 0.920348204570185,
           'support': 4595},
     'accuracy': 0.9139397905759162,
     'macro avg': {'f1-score': 0.9139334000055659,
                   'precision': 0.9140130972173459,
                   'recall': 0.9139243756286306,
                   'support': 9168},
     'weighted avg': {'f1-score': 0.9139351796580684,
                      'precision': 0.9140012387900557,
                      'recall': 0.9139397905759162,
                      'support': 9168}},
 8: {'0': {'f1-score': 0.9120528343423225,
           'precision': 0.918218085106383,
           'recall': 0.9059698228733872,
           'support': 4573},
     '1': {'f1-score': 0.9136309588152631,
           'precision': 0.9076460481099656,
           'recall': 0.9196953210010881,
           'support': 4595},
     'accuracy': 0.9128490401396161,
     'macro avg': {'f1-score': 0.9128418965787928,
                   'precision': 0.9129320666081744,
                   'recall': 0.9128325719372377,
                   'support': 9168},
     'weighted avg': {'f1-score': 0.9128437900527459,
                      'precision': 0.9129193820088113,
                      'recall': 0.9128490401396161,
                      'support': 9168}},
 9: {'0': {'f1-score': 0.9115766262403527,
           'precision': 0.9192795196797865,
           'recall': 0.9040017493986442,
           'support': 4573},
     '1': {'f1-score': 0.9134470105763004,
           'precision': 0.9060158424320274,
           'recall': 0.9210010881392818,
           'support': 4595},
     'accuracy': 0.912521815008726,
     'macro avg': {'f1-score': 0.9125118184083265,
                   'precision': 0.912647681055907,
                   'recall': 0.9125014187689631,
                   'support': 9168},
     'weighted avg': {'f1-score': 0.9125140625431102,
                      'precision': 0.9126317669579875,
                      'recall': 0.912521815008726,
                      'support': 9168}},
 10: {'0': {'f1-score': 0.9093528368794326,
            'precision': 0.9218153223994608,
            'recall': 0.897222829652307,
            'support': 4573},
      '1': {'f1-score': 0.9121563573883162,
            'precision': 0.9003603985584058,
            'recall': 0.9242655059847661,
            'support': 4595},
      'accuracy': 0.9107766143106457,
      'macro avg': {'f1-score': 0.9107545971338744,
                    'precision': 0.9110878604789333,
                    'recall': 0.9107441678185366,
                    'support': 9168},
      'weighted avg': {'f1-score': 0.9107579608692145,
                       'precision': 0.9110621183146389,
                       'recall': 0.9107766143106457,
                       'support': 9168}}}
**********************************************************************
Namespace(dataset='IMDB', dataset_home='./datasets/imdb', label_gen_model='Label_Model', learner='SVC', max_queries=40000, num_labeled_samples=4000, sample_method='Margin_Sampling', scenario='active_learning')
Scenario: Active Learning
Model: Linear SVC
Iteration:  1
Test accuracy:  0.881544502617801
Model: Linear SVC
Iteration:  2
Test accuracy:  0.9109947643979057
Model: Linear SVC
Iteration:  3
Test accuracy:  0.9144851657940664
Model: Linear SVC
Iteration:  4
Test accuracy:  0.9196116928446771
Model: Linear SVC
Iteration:  5
Test accuracy:  0.9228839441535777
Model: Linear SVC
Iteration:  6
Test accuracy:  0.9225567190226877
Model: Linear SVC
Iteration:  7
Test accuracy:  0.9235383944153578
Model: Linear SVC
Iteration:  8
Test accuracy:  0.9232111692844677
Model: Linear SVC
Iteration:  9
Test accuracy:  0.9238656195462478
Model: Linear SVC
Iteration:  10
Test accuracy:  0.9244109947643979
{1: {'0': {'f1-score': 0.8804491413474241,
           'precision': 0.8864996674794946,
           'recall': 0.8744806472774984,
           'support': 4573},
     '1': {'f1-score': 0.8826199740596627,
           'precision': 0.8767446854197981,
           'recall': 0.8885745375408052,
           'support': 4595},
     'accuracy': 0.881544502617801,
     'macro avg': {'f1-score': 0.8815345577035434,
                   'precision': 0.8816221764496464,
                   'recall': 0.8815275924091518,
                   'support': 9168},
     'weighted avg': {'f1-score': 0.8815371623239443,
                      'precision': 0.8816104721736149,
                      'recall': 0.881544502617801,
                      'support': 9168}},
 2: {'0': {'f1-score': 0.9099735216240072,
           'precision': 0.9182810064573592,
           'recall': 0.9018150010933742,
           'support': 4573},
     '1': {'f1-score': 0.911993097497843,
           'precision': 0.9039982895018174,
           'recall': 0.9201305767138194,
           'support': 4595},
     'accuracy': 0.9109947643979057,
     'macro avg': {'f1-score': 0.9109833095609251,
                   'precision': 0.9111396479795884,
                   'recall': 0.9109727889035968,
                   'support': 9168},
     'weighted avg': {'f1-score': 0.9109857326995172,
                      'precision': 0.9111225112118624,
                      'recall': 0.9109947643979057,
                      'support': 9168}},
 3: {'0': {'f1-score': 0.913770347558293,
           'precision': 0.9192299181234787,
           'recall': 0.9083752460091843,
           'support': 4573},
     '1': {'f1-score': 0.9151882302033751,
           'precision': 0.9098730909873091,
           'recall': 0.9205658324265505,
           'support': 4595},
     'accuracy': 0.9144851657940664,
     'macro avg': {'f1-score': 0.9144792888808341,
                   'precision': 0.9145515045553938,
                   'recall': 0.9144705392178674,
                   'support': 9168},
     'weighted avg': {'f1-score': 0.9144809900925591,
                      'precision': 0.9145402779957847,
                      'recall': 0.9144851657940664,
                      'support': 9168}},
 4: {'0': {'f1-score': 0.9188415372756304,
           'precision': 0.9254658385093167,
           'recall': 0.9123113929586705,
           'support': 4573},
     '1': {'f1-score': 0.9203673689897353,
           'precision': 0.9139484978540773,
           'recall': 0.9268770402611535,
           'support': 4595},
     'accuracy': 0.9196116928446771,
     'macro avg': {'f1-score': 0.9196044531326828,
                   'precision': 0.9197071681816971,
                   'recall': 0.919594216609912,
                   'support': 9168},
     'weighted avg': {'f1-score': 0.9196062838644515,
                      'precision': 0.9196933493829179,
                      'recall': 0.9196116928446771,
                      'support': 9168}},
 5: {'0': {'f1-score': 0.9219388318427735,
           'precision': 0.9310883140053524,
           'recall': 0.9129674174502515,
           'support': 4573},
     '1': {'f1-score': 0.9238064446599848,
           'precision': 0.9150298889837746,
           'recall': 0.932752992383025,
           'support': 4595},
     'accuracy': 0.9228839441535777,
     'macro avg': {'f1-score': 0.9228726382513792,
                   'precision': 0.9230591014945635,
                   'recall': 0.9228602049166382,
                   'support': 9168},
     'weighted avg': {'f1-score': 0.9228748790608239,
                      'precision': 0.9230398341870552,
                      'recall': 0.9228839441535777,
                      'support': 9168}},
 6: {'0': {'f1-score': 0.9217544633017413,
           'precision': 0.9291268606976227,
           'recall': 0.9144981412639405,
           'support': 4573},
     '1': {'f1-score': 0.9233426905635932,
           'precision': 0.9162202699807157,
           'recall': 0.9305767138193689,
           'support': 4595},
     'accuracy': 0.9225567190226877,
     'macro avg': {'f1-score': 0.9225485769326672,
                   'precision': 0.9226735653391692,
                   'recall': 0.9225374275416547,
                   'support': 9168},
     'weighted avg': {'f1-score': 0.9225504825282039,
                      'precision': 0.9226580796827679,
                      'recall': 0.9225567190226877,
                      'support': 9168}},
 7: {'0': {'f1-score': 0.9227548209366391,
           'precision': 0.9300310972900933,
           'recall': 0.9155915154165756,
           'support': 4573},
     '1': {'f1-score': 0.9243062304286795,
           'precision': 0.9172738962708958,
           'recall': 0.9314472252448314,
           'support': 4595},
     'accuracy': 0.9235383944153578,
     'macro avg': {'f1-score': 0.9235305256826594,
                   'precision': 0.9236524967804945,
                   'recall': 0.9235193703307034,
                   'support': 9168},
     'weighted avg': {'f1-score': 0.9235323871032978,
                      'precision': 0.923637190365659,
                      'recall': 0.9235383944153578,
                      'support': 9168}},
 8: {'0': {'f1-score': 0.9224669603524229,
           'precision': 0.9292212114488574,
           'recall': 0.9158101902471025,
           'support': 4573},
     '1': {'f1-score': 0.9239412273120138,
           'precision': 0.9173996996352713,
           'recall': 0.9305767138193689,
           'support': 4595},
     'accuracy': 0.9232111692844677,
     'macro avg': {'f1-score': 0.9232040938322184,
                   'precision': 0.9233104555420644,
                   'recall': 0.9231934520332357,
                   'support': 9168},
     'weighted avg': {'f1-score': 0.9232058626952808,
                      'precision': 0.923296271790979,
                      'recall': 0.9232111692844677,
                      'support': 9168}},
 9: {'0': {'f1-score': 0.9231446817881522,
           'precision': 0.9296961632290973,
           'recall': 0.9166848895692106,
           'support': 4573},
     '1': {'f1-score': 0.9245731575534903,
           'precision': 0.918222794591114,
           'recall': 0.9310119695321001,
           'support': 4595},
     'accuracy': 0.9238656195462478,
     'macro avg': {'f1-score': 0.9238589196708213,
                   'precision': 0.9239594789101057,
                   'recall': 0.9238484295506553,
                   'support': 9168},
     'weighted avg': {'f1-score': 0.9238606335924421,
                      'precision': 0.9239457128700731,
                      'recall': 0.9238656195462478,
                      'support': 9168}},
 10: {'0': {'f1-score': 0.9235183754552476,
            'precision': 0.9322638146167558,
            'recall': 0.9149354909249945,
            'support': 4573},
      '1': {'f1-score': 0.9252830188679245,
            'precision': 0.9168803418803418,
            'recall': 0.933841131664853,
            'support': 4595},
      'accuracy': 0.9244109947643979,
      'macro avg': {'f1-score': 0.9244006971615861,
                    'precision': 0.9245720782485488,
                    'recall': 0.9243883112949238,
                    'support': 9168},
      'weighted avg': {'f1-score': 0.9244028144257155,
                       'precision': 0.9245536207659899,
                       'recall': 0.9244109947643979,
                       'support': 9168}}}
**********************************************************************
Namespace(dataset='IMDB', dataset_home='./datasets/imdb', label_gen_model='Label_Model', learner='SGD', max_queries=40000, num_labeled_samples=4000, sample_method='Margin_Sampling', scenario='active_learning')
Scenario: Active Learning
Model: Linear SGD
Iteration:  1
Test accuracy:  0.881544502617801
Model: Linear SGD
Iteration:  2
Test accuracy:  0.9078315881326352
Model: Linear SGD
Iteration:  3
Test accuracy:  0.9102312390924956
Model: Linear SGD
Iteration:  4
Test accuracy:  0.9159031413612565
Model: Linear SGD
Iteration:  5
Test accuracy:  0.9193935427574171
Model: Linear SGD
Iteration:  6
Test accuracy:  0.9192844677137871
Model: Linear SGD
Iteration:  7
Test accuracy:  0.9179755671902269
Model: Linear SGD
Iteration:  8
Test accuracy:  0.9153577661431065
Model: Linear SGD
Iteration:  9
Test accuracy:  0.9135034904013961
Model: Linear SGD
Iteration:  10
Test accuracy:  0.9115401396160558
{1: {'0': {'f1-score': 0.8805017605633803,
           'precision': 0.886157253599114,
           'recall': 0.8749179969385523,
           'support': 4573},
     '1': {'f1-score': 0.8825692041522492,
           'precision': 0.8770685579196218,
           'recall': 0.888139281828074,
           'support': 4595},
     'accuracy': 0.881544502617801,
     'macro avg': {'f1-score': 0.8815354823578148,
                   'precision': 0.8816129057593679,
                   'recall': 0.8815286393833132,
                   'support': 9168},
     'weighted avg': {'f1-score': 0.881537962929311,
                      'precision': 0.8816020009107124,
                      'recall': 0.881544502617801,
                      'support': 9168}},
 2: {'0': {'f1-score': 0.9062881224353998,
           'precision': 0.9194419441944195,
           'recall': 0.8935053575333479,
           'support': 4573},
     '1': {'f1-score': 0.9093250348749866,
           'precision': 0.8969093988145639,
           'recall': 0.9220892274211099,
           'support': 4595},
     'accuracy': 0.9078315881326352,
     'macro avg': {'f1-score': 0.9078065786551932,
                   'precision': 0.9081756715044917,
                   'recall': 0.9077972924772288,
                   'support': 9168},
     'weighted avg': {'f1-score': 0.9078102224201187,
                      'precision': 0.9081486363824173,
                      'recall': 0.9078315881326352,
                      'support': 9168}},
 3: {'0': {'f1-score': 0.9092913038686212,
           'precision': 0.9166666666666666,
           'recall': 0.9020336759239012,
           'support': 4573},
     '1': {'f1-score': 0.9111518946345677,
           'precision': 0.9040274207369323,
           'recall': 0.9183895538628944,
           'support': 4595},
     'accuracy': 0.9102312390924956,
     'macro avg': {'f1-score': 0.9102215992515945,
                   'precision': 0.9103470437017995,
                   'recall': 0.9102116148933979,
                   'support': 9168},
     'weighted avg': {'f1-score': 0.9102238316358031,
                      'precision': 0.9103318788124858,
                      'recall': 0.9102312390924956,
                      'support': 9168}},
 4: {'0': {'f1-score': 0.9149851141250412,
           'precision': 0.9228202846975089,
           'recall': 0.9072818718565493,
           'support': 4573},
     '1': {'f1-score': 0.9168015539009388,
           'precision': 0.9092465753424658,
           'recall': 0.9244831338411317,
           'support': 4595},
     'accuracy': 0.9159031413612565,
     'macro avg': {'f1-score': 0.91589333401299,
                   'precision': 0.9160334300199873,
                   'recall': 0.9158825028488404,
                   'support': 9168},
     'weighted avg': {'f1-score': 0.915895513423716,
                      'precision': 0.916017143937646,
                      'recall': 0.9159031413612565,
                      'support': 9168}},
 5: {'0': {'f1-score': 0.9185315841693309,
           'precision': 0.9261894175188973,
           'recall': 0.9109993439755084,
           'support': 4573},
     '1': {'f1-score': 0.9202374527792768,
           'precision': 0.912847965738758,
           'recall': 0.9277475516866159,
           'support': 4595},
     'accuracy': 0.9193935427574171,
     'macro avg': {'f1-score': 0.9193845184743039,
                   'precision': 0.9195186916288276,
                   'recall': 0.9193734478310622,
                   'support': 9168},
     'weighted avg': {'f1-score': 0.9193865652189276,
                      'precision': 0.9195026842150427,
                      'recall': 0.9193935427574171,
                      'support': 9168}},
 6: {'0': {'f1-score': 0.9184662847069193,
           'precision': 0.9256051521208084,
           'recall': 0.9114366936365624,
           'support': 4573},
     '1': {'f1-score': 0.9200863930885529,
           'precision': 0.9131832797427653,
           'recall': 0.9270946681175191,
           'support': 4595},
     'accuracy': 0.9192844677137871,
     'macro avg': {'f1-score': 0.9192763388977361,
                   'precision': 0.9193942159317868,
                   'recall': 0.9192656808770407,
                   'support': 9168},
     'weighted avg': {'f1-score': 0.9192782827450526,
                      'precision': 0.9193793118527991,
                      'recall': 0.9192844677137871,
                      'support': 9168}},
 7: {'0': {'f1-score': 0.9173444713123763,
           'precision': 0.9222099447513812,
           'recall': 0.9125300677891974,
           'support': 4573},
     '1': {'f1-score': 0.9185970989391644,
           'precision': 0.9138488046521646,
           'recall': 0.9233949945593036,
           'support': 4595},
     'accuracy': 0.9179755671902269,
     'macro avg': {'f1-score': 0.9179707851257703,
                   'precision': 0.9180293747017729,
                   'recall': 0.9179625311742505,
                   'support': 9168},
     'weighted avg': {'f1-score': 0.9179722880603138,
                      'precision': 0.9180193427928407,
                      'recall': 0.9179755671902269,
                      'support': 9168}},
 8: {'0': {'f1-score': 0.9143298741444026,
           'precision': 0.9232998885172798,
           'recall': 0.9055324732123332,
           'support': 4573},
     '1': {'f1-score': 0.9163612847596465,
           'precision': 0.9077514413837284,
           'recall': 0.9251360174102286,
           'support': 4595},
     'accuracy': 0.9153577661431065,
     'macro avg': {'f1-score': 0.9153455794520245,
                   'precision': 0.9155256649505041,
                   'recall': 0.9153342453112809,
                   'support': 9168},
     'weighted avg': {'f1-score': 0.9153480167902409,
                      'precision': 0.91550700952746,
                      'recall': 0.9153577661431065,
                      'support': 9168}},
 9: {'0': {'f1-score': 0.9124240750966317,
           'precision': 0.9216867469879518,
           'recall': 0.9033457249070632,
           'support': 4573},
     '1': {'f1-score': 0.9145566210537658,
           'precision': 0.9056764831412719,
           'recall': 0.9236126224156692,
           'support': 4595},
     'accuracy': 0.9135034904013961,
     'macro avg': {'f1-score': 0.9134903480751988,
                   'precision': 0.9136816150646119,
                   'recall': 0.9134791736613662,
                   'support': 9168},
     'weighted avg': {'f1-score': 0.9134929067581753,
                      'precision': 0.9136624055421082,
                      'recall': 0.9135034904013961,
                      'support': 9168}},
 10: {'0': {'f1-score': 0.9098588418361676,
            'precision': 0.9251808318264014,
            'recall': 0.8950360813470369,
            'support': 4573},
      '1': {'f1-score': 0.9131598672234714,
            'precision': 0.8988195615514334,
            'recall': 0.9279651795429815,
            'support': 4595},
      'accuracy': 0.9115401396160558,
      'macro avg': {'f1-score': 0.9115093545298195,
                    'precision': 0.9120001966889174,
                    'recall': 0.9115006304450093,
                    'support': 9168},
      'weighted avg': {'f1-score': 0.911513315184189,
                       'precision': 0.9119685677651581,
                       'recall': 0.9115401396160558,
                       'support': 9168}}}